# JRE version: Java(TM) SE Runtime Environment (8.0_101-b13) (build 1.8.0_101-b13)
# Java VM: Java HotSpot(TM) 64-Bit Server VM (25.101-b13 mixed mode bsd-amd64 compressed oops)
Heap:
 PSYoungGen      total 62976K, used 11090K [0x0000000795580000, 0x000000079a300000, 0x00000007c0000000)
  eden space 59392K, 13% used [0x0000000795580000,0x0000000795d124b8,0x0000000798f80000)
  from space 3584K, 93% used [0x0000000799f80000,0x000000079a2c2688,0x000000079a300000)
  to   space 9728K, 0% used [0x0000000799000000,0x0000000799000000,0x0000000799980000)
 ParOldGen       total 49664K, used 6033K [0x0000000740000000, 0x0000000743080000, 0x0000000795580000)
  object space 49664K, 12% used [0x0000000740000000,0x00000007405e45a8,0x0000000743080000)
 Metaspace       used 24353K, capacity 24638K, committed 24960K, reserved 1071104K
  class space    used 3327K, capacity 3420K, committed 3456K, reserved 1048576K
GC Heap History (10 events):
Event: 1.784 GC heap before
{Heap before GC invocations=3 (full 0):
 PSYoungGen      total 38400K, used 38372K [0x0000000795580000, 0x0000000798000000, 0x00000007c0000000)
  eden space 33280K, 100% used [0x0000000795580000,0x0000000797600000,0x0000000797600000)
  from space 5120K, 99% used [0x0000000797b00000,0x0000000797ff9118,0x0000000798000000)
  to   space 5120K, 0% used [0x0000000797600000,0x0000000797600000,0x0000000797b00000)
 ParOldGen       total 87552K, used 1486K [0x0000000740000000, 0x0000000745580000, 0x0000000795580000)
  object space 87552K, 1% used [0x0000000740000000,0x0000000740173a68,0x0000000745580000)
 Metaspace       used 18080K, capacity 18316K, committed 18688K, reserved 1064960K
  class space    used 2429K, capacity 2498K, committed 2560K, reserved 1048576K
Event: 1.791 GC heap after
Heap after GC invocations=3 (full 0):
 PSYoungGen      total 38400K, used 5103K [0x0000000795580000, 0x0000000798000000, 0x00000007c0000000)
  eden space 33280K, 0% used [0x0000000795580000,0x0000000795580000,0x0000000797600000)
  from space 5120K, 99% used [0x0000000797600000,0x0000000797afbe10,0x0000000797b00000)
  to   space 5120K, 0% used [0x0000000797b00000,0x0000000797b00000,0x0000000798000000)
 ParOldGen       total 87552K, used 3291K [0x0000000740000000, 0x0000000745580000, 0x0000000795580000)
  object space 87552K, 3% used [0x0000000740000000,0x0000000740336cd0,0x0000000745580000)
 Metaspace       used 18080K, capacity 18316K, committed 18688K, reserved 1064960K
  class space    used 2429K, capacity 2498K, committed 2560K, reserved 1048576K
}
Event: 2.080 GC heap before
{Heap before GC invocations=4 (full 0):
 PSYoungGen      total 38400K, used 38383K [0x0000000795580000, 0x0000000798000000, 0x00000007c0000000)
  eden space 33280K, 100% used [0x0000000795580000,0x0000000797600000,0x0000000797600000)
  from space 5120K, 99% used [0x0000000797600000,0x0000000797afbe10,0x0000000797b00000)
  to   space 5120K, 0% used [0x0000000797b00000,0x0000000797b00000,0x0000000798000000)
 ParOldGen       total 87552K, used 3291K [0x0000000740000000, 0x0000000745580000, 0x0000000795580000)
  object space 87552K, 3% used [0x0000000740000000,0x0000000740336cd0,0x0000000745580000)
 Metaspace       used 20836K, capacity 21080K, committed 21296K, reserved 1067008K
  class space    used 2842K, capacity 2923K, committed 2944K, reserved 1048576K
Event: 2.087 GC heap after
Heap after GC invocations=4 (full 0):
 PSYoungGen      total 38400K, used 5088K [0x0000000795580000, 0x000000079a080000, 0x00000007c0000000)
  eden space 33280K, 0% used [0x0000000795580000,0x0000000795580000,0x0000000797600000)
  from space 5120K, 99% used [0x0000000797b00000,0x0000000797ff8070,0x0000000798000000)
  to   space 5120K, 0% used [0x0000000797600000,0x0000000797600000,0x0000000797b00000)
 ParOldGen       total 87552K, used 6455K [0x0000000740000000, 0x0000000745580000, 0x0000000795580000)
  object space 87552K, 7% used [0x0000000740000000,0x000000074064dcf0,0x0000000745580000)
 Metaspace       used 20836K, capacity 21080K, committed 21296K, reserved 1067008K
  class space    used 2842K, capacity 2923K, committed 2944K, reserved 1048576K
}
Event: 2.104 GC heap before
{Heap before GC invocations=5 (full 0):
 PSYoungGen      total 38400K, used 6402K [0x0000000795580000, 0x000000079a080000, 0x00000007c0000000)
  eden space 33280K, 3% used [0x0000000795580000,0x00000007956c8a70,0x0000000797600000)
  from space 5120K, 99% used [0x0000000797b00000,0x0000000797ff8070,0x0000000798000000)
  to   space 5120K, 0% used [0x0000000797600000,0x0000000797600000,0x0000000797b00000)
 ParOldGen       total 87552K, used 6455K [0x0000000740000000, 0x0000000745580000, 0x0000000795580000)
  object space 87552K, 7% used [0x0000000740000000,0x000000074064dcf0,0x0000000745580000)
 Metaspace       used 20963K, capacity 21144K, committed 21296K, reserved 1067008K
  class space    used 2858K, capacity 2923K, committed 2944K, reserved 1048576K
Event: 2.109 GC heap after
Heap after GC invocations=5 (full 0):
 PSYoungGen      total 38400K, used 5092K [0x0000000795580000, 0x000000079a880000, 0x00000007c0000000)
  eden space 33280K, 0% used [0x0000000795580000,0x0000000795580000,0x0000000797600000)
  from space 5120K, 99% used [0x0000000797600000,0x0000000797af9050,0x0000000797b00000)
  to   space 9216K, 0% used [0x0000000799f80000,0x0000000799f80000,0x000000079a880000)
 ParOldGen       total 87552K, used 6596K [0x0000000740000000, 0x0000000745580000, 0x0000000795580000)
  object space 87552K, 7% used [0x0000000740000000,0x00000007406710a8,0x0000000745580000)
 Metaspace       used 20963K, capacity 21144K, committed 21296K, reserved 1067008K
  class space    used 2858K, capacity 2923K, committed 2944K, reserved 1048576K
}
Event: 2.109 GC heap before
{Heap before GC invocations=6 (full 1):
 PSYoungGen      total 38400K, used 5092K [0x0000000795580000, 0x000000079a880000, 0x00000007c0000000)
  eden space 33280K, 0% used [0x0000000795580000,0x0000000795580000,0x0000000797600000)
  from space 5120K, 99% used [0x0000000797600000,0x0000000797af9050,0x0000000797b00000)
  to   space 9216K, 0% used [0x0000000799f80000,0x0000000799f80000,0x000000079a880000)
 ParOldGen       total 87552K, used 6596K [0x0000000740000000, 0x0000000745580000, 0x0000000795580000)
  object space 87552K, 7% used [0x0000000740000000,0x00000007406710a8,0x0000000745580000)
 Metaspace       used 20963K, capacity 21144K, committed 21296K, reserved 1067008K
  class space    used 2858K, capacity 2923K, committed 2944K, reserved 1048576K
Event: 2.137 GC heap after
Heap after GC invocations=6 (full 1):
 PSYoungGen      total 38400K, used 0K [0x0000000795580000, 0x000000079a880000, 0x00000007c0000000)
  eden space 33280K, 0% used [0x0000000795580000,0x0000000795580000,0x0000000797600000)
  from space 5120K, 0% used [0x0000000797600000,0x0000000797600000,0x0000000797b00000)
  to   space 9216K, 0% used [0x0000000799f80000,0x0000000799f80000,0x000000079a880000)
 ParOldGen       total 49664K, used 6025K [0x0000000740000000, 0x0000000743080000, 0x0000000795580000)
  object space 49664K, 12% used [0x0000000740000000,0x00000007405e25a8,0x0000000743080000)
 Metaspace       used 20963K, capacity 21144K, committed 21296K, reserved 1067008K
  class space    used 2858K, capacity 2923K, committed 2944K, reserved 1048576K
}
Event: 159.947 GC heap before
{Heap before GC invocations=7 (full 1):
 PSYoungGen      total 38400K, used 33280K [0x0000000795580000, 0x000000079a880000, 0x00000007c0000000)
  eden space 33280K, 100% used [0x0000000795580000,0x0000000797600000,0x0000000797600000)
  from space 5120K, 0% used [0x0000000797600000,0x0000000797600000,0x0000000797b00000)
  to   space 9216K, 0% used [0x0000000799f80000,0x0000000799f80000,0x000000079a880000)
 ParOldGen       total 49664K, used 6025K [0x0000000740000000, 0x0000000743080000, 0x0000000795580000)
  object space 49664K, 12% used [0x0000000740000000,0x00000007405e25a8,0x0000000743080000)
 Metaspace       used 23942K, capacity 24176K, committed 24448K, reserved 1071104K
  class space    used 3299K, capacity 3353K, committed 3456K, reserved 1048576K
Event: 159.951 GC heap after
Heap after GC invocations=7 (full 1):
 PSYoungGen      total 62976K, used 3337K [0x0000000795580000, 0x000000079a300000, 0x00000007c0000000)
  eden space 59392K, 0% used [0x0000000795580000,0x0000000795580000,0x0000000798f80000)
  from space 3584K, 93% used [0x0000000799f80000,0x000000079a2c2688,0x000000079a300000)
  to   space 9728K, 0% used [0x0000000799000000,0x0000000799000000,0x0000000799980000)
 ParOldGen       total 49664K, used 6033K [0x0000000740000000, 0x0000000743080000, 0x0000000795580000)
  object space 49664K, 12% used [0x0000000740000000,0x00000007405e45a8,0x0000000743080000)
 Metaspace       used 23942K, capacity 24176K, committed 24448K, reserved 1071104K
  class space    used 3299K, capacity 3353K, committed 3456K, reserved 1048576K
}

